[debug] [2023-03-22T06:41:05.447Z] ----------------------------------------------------------------------
[debug] [2023-03-22T06:41:05.449Z] Command:       C:\Program Files\nodejs\node.exe C:\Users\Acer\AppData\Roaming\npm\node_modules\firebase-tools\lib\bin\firebase.js init hosting:github
[debug] [2023-03-22T06:41:05.450Z] CLI Version:   11.24.1
[debug] [2023-03-22T06:41:05.450Z] Platform:      win32
[debug] [2023-03-22T06:41:05.450Z] Node Version:  v18.13.0
[debug] [2023-03-22T06:41:05.457Z] Time:          Wed Mar 22 2023 12:11:05 GMT+0530 (India Standard Time)
[debug] [2023-03-22T06:41:05.457Z] ----------------------------------------------------------------------
[debug] 
[debug] [2023-03-22T06:41:05.572Z] > command requires scopes: ["email","openid","https://www.googleapis.com/auth/cloudplatformprojects.readonly","https://www.googleapis.com/auth/firebase","https://www.googleapis.com/auth/cloud-platform"]
[debug] [2023-03-22T06:41:05.573Z] > authorizing via signed-in user (laveshbisht01@gmail.com)
[info] 
     ######## #### ########  ######## ########     ###     ######  ########
     ##        ##  ##     ## ##       ##     ##  ##   ##  ##       ##
     ######    ##  ########  ######   ########  #########  ######  ######
     ##        ##  ##    ##  ##       ##     ## ##     ##       ## ##
     ##       #### ##     ## ######## ########  ##     ##  ######  ########

You're about to initialize a Firebase project in this directory:

  D:\Projects\Movie_APP\movie_app

Before we get started, keep in mind:

  * You are initializing within an existing Firebase project directory

[info] 
=== Project Setup
[info] 
[info] First, let's associate this project directory with a Firebase project.
[info] You can create multiple project aliases by running firebase use --add, 
[info] but for now we'll just set up a default project.
[info] 
[debug] [2023-03-22T06:41:13.449Z] Using project from CLI flag: search-26450
[debug] [2023-03-22T06:41:13.467Z] >>> [apiv2][query] GET https://firebase.googleapis.com/v1beta1/projects/search-26450 [none]
[debug] [2023-03-22T06:41:14.267Z] <<< [apiv2][status] GET https://firebase.googleapis.com/v1beta1/projects/search-26450 200
[debug] [2023-03-22T06:41:14.267Z] <<< [apiv2][body] GET https://firebase.googleapis.com/v1beta1/projects/search-26450 {"projectId":"search-26450","projectNumber":"208931944586","displayName":"searchMovie","name":"projects/search-26450","resources":{"hostingSite":"search-26450"},"state":"ACTIVE","etag":"1_d7757a12-4963-4717-8db6-92b0e1931ef1"}
[info] i  Using project search-26450 (searchMovie) 
[info] 
=== Hosting:github Setup
[info] 
[info] i  Detected a .git folder at D:\Projects\Movie_APP\movie_app 
[info] i  Authorizing with GitHub to upload your service account to a GitHub repository's secrets store. 
[info] 
[info] Visit this URL on this device to log in:
[info] https://github.com/login/oauth/authorize?client_id=89cf50f02ac6aaed3484&state=362087847&redirect_uri=http%3A%2F%2Flocalhost%3A9005&scope=read%3Auser%20repo%20public_repo
[info] 
[info] Waiting for authentication...
[debug] [2023-03-22T06:41:15.518Z] >>> [apiv2][query] POST https://github.com/login/oauth/access_token [none]
[debug] [2023-03-22T06:41:15.518Z] >>> [apiv2][body] POST https://github.com/login/oauth/access_token [stream]
[debug] [2023-03-22T06:41:15.949Z] <<< [apiv2][status] POST https://github.com/login/oauth/access_token 200
[debug] [2023-03-22T06:41:15.949Z] <<< [apiv2][body] POST https://github.com/login/oauth/access_token {"access_token":"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","token_type":"bearer","scope":"read:user,repo"}
[debug] [2023-03-22T06:41:15.958Z] >>> [apiv2][query] GET https://api.github.com/user [none]
[debug] [2023-03-22T06:41:16.414Z] <<< [apiv2][status] GET https://api.github.com/user 200
[debug] [2023-03-22T06:41:16.414Z] <<< [apiv2][body] GET https://api.github.com/user {"login":"lavesh01","id":79662096,"node_id":"MDQ6VXNlcjc5NjYyMDk2","avatar_url":"https://avatars.githubusercontent.com/u/79662096?v=4","gravatar_id":"","url":"https://api.github.com/users/lavesh01","html_url":"https://github.com/lavesh01","followers_url":"https://api.github.com/users/lavesh01/followers","following_url":"https://api.github.com/users/lavesh01/following{/other_user}","gists_url":"https://api.github.com/users/lavesh01/gists{/gist_id}","starred_url":"https://api.github.com/users/lavesh01/starred{/owner}{/repo}","subscriptions_url":"https://api.github.com/users/lavesh01/subscriptions","organizations_url":"https://api.github.com/users/lavesh01/orgs","repos_url":"https://api.github.com/users/lavesh01/repos","events_url":"https://api.github.com/users/lavesh01/events{/privacy}","received_events_url":"https://api.github.com/users/lavesh01/received_events","type":"User","site_admin":false,"name":"Lavesh ","company":null,"blog":"","location":"Delhi NCR","email":null,"hireable":null,"bio":"Hello, this side lavesh I am currently in my college. And wanting to be an active open source contributor.","twitter_username":"bisht_lavesh","public_repos":12,"public_gists":0,"followers":28,"following":31,"created_at":"2021-02-25T18:35:50Z","updated_at":"2023-01-18T18:19:21Z","private_gists":0,"total_private_repos":0,"owned_private_repos":0,"disk_usage":14395,"collaborators":0,"two_factor_authentication":false,"plan":{"name":"free","space":976562499,"collaborators":0,"private_repos":10000}}
[info] 
[info] +  Success! Logged into GitHub as lavesh01 
[info] 
